<?xml version="1.0" encoding="UTF-8"?>
<!-- Generated by org.testng.reporters.JUnitReportReporter -->
<testsuite skipped="0" hostname="DESKTOP-T2OG94F" name="testNgtestCases.CreateLead" tests="1" failures="0" timestamp="2020-08-01T22:29:36 EDT" time="31.473" errors="0">
  <testcase name="createLead" time="31.473" classname="testNgtestCases.CreateLead"/>
</testsuite> <!-- testNgtestCases.CreateLead -->
