<?xml version="1.0" encoding="UTF-8"?>
<!-- Generated by org.testng.reporters.JUnitReportReporter -->
<testsuite skipped="0" hostname="DESKTOP-T2OG94F" name="learnTestNG.TestNGAnnotations" tests="1" failures="0" timestamp="2020-07-22T00:57:44 EDT" time="0.010" errors="0">
  <testcase name="test1" time="0.010" classname="learnTestNG.TestNGAnnotations"/>
</testsuite> <!-- learnTestNG.TestNGAnnotations -->
