<?xml version="1.0" encoding="UTF-8"?>
<!-- Generated by org.testng.reporters.JUnitReportReporter -->
<testsuite skipped="0" hostname="DESKTOP-T2OG94F" name="LearnTestNgCases.EditLead_TestCase" tests="1" failures="0" timestamp="2020-08-26T11:29:19 EDT" time="29.879" errors="0">
  <testcase name="EditLead" time="29.879" classname="LearnTestNgCases.EditLead_TestCase"/>
</testsuite> <!-- LearnTestNgCases.EditLead_TestCase -->
