<?xml version="1.0" encoding="UTF-8"?>
<!-- Generated by org.testng.reporters.JUnitReportReporter -->
<testsuite skipped="0" hostname="DESKTOP-T2OG94F" name="buildingInterfaceFwork.Tc001_Login" tests="1" failures="0" timestamp="2020-08-26T11:23:31 EDT" time="28.104" errors="0">
  <testcase name="login" time="28.104" classname="buildingInterfaceFwork.Tc001_Login"/>
</testsuite> <!-- buildingInterfaceFwork.Tc001_Login -->
