<?xml version="1.0" encoding="UTF-8"?>
<!-- Generated by org.testng.reporters.JUnitReportReporter -->
<testsuite skipped="0" hostname="DESKTOP-T2OG94F" name="TestNg_Priority" tests="3" failures="0" timestamp="2020-08-16T12:50:10 EDT" time="68.543" errors="0">
  <testcase name="CreateLead" time="20.329" classname="TestNg_Priority"/>
  <testcase name="EditLead" time="23.298" classname="TestNg_Priority"/>
  <testcase name="DuplicateLead_TestCase" time="24.916" classname="TestNg_Priority"/>
</testsuite> <!-- TestNg_Priority -->
