<?xml version="1.0" encoding="UTF-8"?>
<!-- Generated by org.testng.reporters.JUnitReportReporter -->
<testsuite skipped="0" hostname="DESKTOP-T2OG94F" name="launchChromeBrowser.LaunchChrome" tests="1" failures="0" timestamp="2020-07-16T22:48:15 EDT" time="12.467" errors="0">
  <testcase name="launchChrome" time="12.467" classname="launchChromeBrowser.LaunchChrome"/>
</testsuite> <!-- launchChromeBrowser.LaunchChrome -->
