<?xml version="1.0" encoding="UTF-8"?>
<!-- Generated by org.testng.reporters.JUnitReportReporter -->
<testsuite skipped="0" hostname="DESKTOP-T2OG94F" name="LearnTestNgCases.CreateLead_TestCase" tests="1" failures="0" timestamp="2020-08-06T12:44:14 EDT" time="31.938" errors="0">
  <testcase name="CreateLead" time="31.938" classname="LearnTestNgCases.CreateLead_TestCase"/>
</testsuite> <!-- LearnTestNgCases.CreateLead_TestCase -->
