<?xml version="1.0" encoding="UTF-8"?>
<!-- Generated by org.testng.reporters.JUnitReportReporter -->
<testsuite skipped="0" hostname="DESKTOP-T2OG94F" name="LearnTestNgCases.DuplicateLead_TestCase" tests="1" failures="0" timestamp="2020-08-04T23:51:00 EDT" time="27.475" errors="0">
  <testcase name="DuplicateLead_TestCase" time="27.475" classname="LearnTestNgCases.DuplicateLead_TestCase"/>
</testsuite> <!-- LearnTestNgCases.DuplicateLead_TestCase -->
