<?xml version="1.0" encoding="UTF-8"?>
<!-- Generated by org.testng.reporters.JUnitReportReporter -->
<testsuite skipped="0" hostname="DESKTOP-T2OG94F" name="buildingInterfaceFwork.Tc003_DeleteLead" tests="1" failures="0" timestamp="2020-08-27T12:58:57 EDT" time="34.021" errors="0">
  <testcase name="login" time="34.021" classname="buildingInterfaceFwork.Tc003_DeleteLead"/>
</testsuite> <!-- buildingInterfaceFwork.Tc003_DeleteLead -->
