<?xml version="1.0" encoding="UTF-8"?>
<!-- Generated by org.testng.reporters.JUnitReportReporter -->
<testsuite skipped="0" hostname="DESKTOP-T2OG94F" name="testNgtestCases.CreateLead_Data_Provider" tests="2" failures="0" timestamp="2020-08-09T21:17:51 EDT" time="58.254" errors="0">
  <testcase name="CreateLead" time="29.608" classname="testNgtestCases.CreateLead_Data_Provider"/>
  <testcase name="CreateLead" time="28.646" classname="testNgtestCases.CreateLead_Data_Provider"/>
</testsuite> <!-- testNgtestCases.CreateLead_Data_Provider -->
