<?xml version="1.0" encoding="UTF-8"?>
<!-- Generated by org.testng.reporters.JUnitReportReporter -->
<testsuite skipped="0" hostname="DESKTOP-T2OG94F" name="testNgtestCases.CreateLead_Data_Excel" tests="5" failures="0" timestamp="2020-08-16T18:10:13 EDT" time="118.479" errors="0">
  <testcase name="CreateLead" time="23.624" classname="testNgtestCases.CreateLead_Data_Excel"/>
  <testcase name="CreateLead" time="25.310" classname="testNgtestCases.CreateLead_Data_Excel"/>
  <testcase name="CreateLead" time="20.282" classname="testNgtestCases.CreateLead_Data_Excel"/>
  <testcase name="CreateLead" time="25.507" classname="testNgtestCases.CreateLead_Data_Excel"/>
  <testcase name="CreateLead" time="23.756" classname="testNgtestCases.CreateLead_Data_Excel"/>
</testsuite> <!-- testNgtestCases.CreateLead_Data_Excel -->
