<?xml version="1.0" encoding="UTF-8"?>
<!-- Generated by org.testng.reporters.JUnitReportReporter -->
<testsuite skipped="0" hostname="DESKTOP-T2OG94F" name="testNgtestCases.TestLeaf1" tests="1" failures="0" timestamp="2020-07-27T22:07:10 EDT" time="38.761" errors="0">
  <testcase name="testLeaf1" time="38.761" classname="testNgtestCases.TestLeaf1"/>
</testsuite> <!-- testNgtestCases.TestLeaf1 -->
