<?xml version="1.0" encoding="UTF-8"?>
<!-- Generated by org.testng.reporters.JUnitReportReporter -->
<testsuite skipped="0" hostname="DESKTOP-T2OG94F" name="LearnTestNgCases.MergeLead_TestCase" tests="1" failures="0" timestamp="2020-08-18T11:22:23 EDT" time="29.578" errors="0">
  <testcase name="MergeLead_TestCase" time="29.578" classname="LearnTestNgCases.MergeLead_TestCase"/>
</testsuite> <!-- LearnTestNgCases.MergeLead_TestCase -->
